17:38:46.402 karate.env system property was:  
17:38:46.407 request:
1 > POST http://localhost:9897/normal/webapi/add
1 > Accept: application/json
1 > Accept-Encoding: gzip,deflate
1 > Connection: Keep-Alive
1 > Content-Length: 219
1 > Content-Type: application/json; charset=UTF-8
1 > Host: localhost:9897
1 > User-Agent: Apache-HttpClient/4.5.12 (Java/11.0.22)
{"jobId":96,"jobTitle":"Software Engg","jobDescription":"To develop andriod application","experience":["Google","Apple","Mobile Iron"],"project":[{"projectName":"Movie App","technology":["Kotlin","SQL Lite","Gradle"]}]}

17:38:46.411 response time in milliseconds: 3.38
1 < 201
1 < Cache-Control: no-cache, no-store, max-age=0, must-revalidate
1 < Connection: keep-alive
1 < Content-Type: application/json
1 < Date: Sun, 01 Dec 2024 12:08:46 GMT
1 < Expires: 0
1 < Keep-Alive: timeout=60
1 < Pragma: no-cache
1 < Transfer-Encoding: chunked
1 < X-Content-Type-Options: nosniff
1 < X-Frame-Options: DENY
1 < X-XSS-Protection: 1; mode=block
{"jobId":96,"jobTitle":"Software Engg","jobDescription":"To develop andriod application","experience":["Google","Apple","Mobile Iron"],"project":[{"projectName":"Movie App","technology":["Kotlin","SQL Lite","Gradle"]}]}

17:38:46.412 [print] {
  "jobId": 96,
  "jobTitle": "Software Engg",
  "project": [
    {
      "technology": [
        "Kotlin",
        "SQL Lite",
        "Gradle"
      ],
      "projectName": "Movie App"
    }
  ],
  "jobDescription": "To develop andriod application",
  "experience": [
    "Google",
    "Apple",
    "Mobile Iron"
  ]
}

17:38:46.414 request:
2 > PUT http://localhost:9897/normal/webapi/update
2 > Accept: application/json
2 > Accept-Encoding: gzip,deflate
2 > Connection: Keep-Alive
2 > Content-Length: 307
2 > Content-Type: application/json; charset=UTF-8
2 > Host: localhost:9897
2 > User-Agent: Apache-HttpClient/4.5.12 (Java/11.0.22)
{"jobId":96,"jobTitle":"Software Engineering Role","jobDescription":"To develop andriod application","experience":["Google","Apple","Mobile Iron"],"project":[{"projectName":"Movie App","technology":["Kotlin","SQL Lite","Gradle"]},{"projectName":"Movie App2","technology":["Kotlin2","SQL Lite2","Gradle2"]}]}

17:38:46.429 response time in milliseconds: 14.89
2 < 200
2 < Cache-Control: no-cache, no-store, max-age=0, must-revalidate
2 < Connection: keep-alive
2 < Content-Type: application/json
2 < Date: Sun, 01 Dec 2024 12:08:46 GMT
2 < Expires: 0
2 < Keep-Alive: timeout=60
2 < Pragma: no-cache
2 < Transfer-Encoding: chunked
2 < X-Content-Type-Options: nosniff
2 < X-Frame-Options: DENY
2 < X-XSS-Protection: 1; mode=block
{"jobId":96,"jobTitle":"Software Engineering Role","jobDescription":"To develop andriod application","experience":["Google","Apple","Mobile Iron"],"project":[{"projectName":"Movie App","technology":["Kotlin","SQL Lite","Gradle"]},{"projectName":"Movie App2","technology":["Kotlin2","SQL Lite2","Gradle2"]}]}

17:38:46.431 [print] {
  "jobId": 96,
  "jobTitle": "Software Engineering Role",
  "project": [
    {
      "technology": [
        "Kotlin",
        "SQL Lite",
        "Gradle"
      ],
      "projectName": "Movie App"
    },
    {
      "technology": [
        "Kotlin2",
        "SQL Lite2",
        "Gradle2"
      ],
      "projectName": "Movie App2"
    }
  ],
  "jobDescription": "To develop andriod application",
  "experience": [
    "Google",
    "Apple",
    "Mobile Iron"
  ]
}

