22:44:51.597 karate.env system property was:  
22:44:52.249 request:
1 > POST http://localhost:9897/normal/webapi/add
1 > Accept: application/json
1 > Accept-Encoding: gzip,deflate
1 > Connection: Keep-Alive
1 > Content-Length: 218
1 > Content-Type: application/json; charset=UTF-8
1 > Host: localhost:9897
1 > User-Agent: Apache-HttpClient/4.5.12 (Java/11.0.22)
{"jobId":0,"jobTitle":"Software Engg","jobDescription":"To develop andriod application","experience":["Google","Apple","Mobile Iron"],"project":[{"projectName":"Movie App","technology":["Kotlin","SQL Lite","Gradle"]}]}

22:44:52.351 response time in milliseconds: 95.46
1 < 201
1 < Cache-Control: no-cache, no-store, max-age=0, must-revalidate
1 < Connection: keep-alive
1 < Content-Type: application/json
1 < Date: Tue, 03 Dec 2024 17:14:52 GMT
1 < Expires: 0
1 < Keep-Alive: timeout=60
1 < Pragma: no-cache
1 < Transfer-Encoding: chunked
1 < X-Content-Type-Options: nosniff
1 < X-Frame-Options: DENY
1 < X-XSS-Protection: 1; mode=block
{"jobId":0,"jobTitle":"Software Engg","jobDescription":"To develop andriod application","experience":["Google","Apple","Mobile Iron"],"project":[{"projectName":"Movie App","technology":["Kotlin","SQL Lite","Gradle"]}]}

22:44:52.353 [print] {
  "jobId": 0,
  "jobTitle": "Software Engg",
  "project": [
    {
      "technology": [
        "Kotlin",
        "SQL Lite",
        "Gradle"
      ],
      "projectName": "Movie App"
    }
  ],
  "jobDescription": "To develop andriod application",
  "experience": [
    "Google",
    "Apple",
    "Mobile Iron"
  ]
}

22:44:52.357 request:
2 > PUT http://localhost:9897/normal/webapi/update
2 > Accept: application/json
2 > Accept-Encoding: gzip,deflate
2 > Connection: Keep-Alive
2 > Content-Length: 306
2 > Content-Type: application/json; charset=UTF-8
2 > Host: localhost:9897
2 > User-Agent: Apache-HttpClient/4.5.12 (Java/11.0.22)
{"jobId":0,"jobTitle":"Software Engineering Role","jobDescription":"To develop andriod application","experience":["Google","Apple","Mobile Iron"],"project":[{"projectName":"Movie App","technology":["Kotlin","SQL Lite","Gradle"]},{"projectName":"Movie App2","technology":["Kotlin2","SQL Lite2","Gradle2"]}]}

22:44:52.366 response time in milliseconds: 8.53
2 < 200
2 < Cache-Control: no-cache, no-store, max-age=0, must-revalidate
2 < Connection: keep-alive
2 < Content-Type: application/json
2 < Date: Tue, 03 Dec 2024 17:14:52 GMT
2 < Expires: 0
2 < Keep-Alive: timeout=60
2 < Pragma: no-cache
2 < Transfer-Encoding: chunked
2 < X-Content-Type-Options: nosniff
2 < X-Frame-Options: DENY
2 < X-XSS-Protection: 1; mode=block
{"jobId":0,"jobTitle":"Software Engineering Role","jobDescription":"To develop andriod application","experience":["Google","Apple","Mobile Iron"],"project":[{"projectName":"Movie App","technology":["Kotlin","SQL Lite","Gradle"]},{"projectName":"Movie App2","technology":["Kotlin2","SQL Lite2","Gradle2"]}]}

22:44:52.368 [print] {
  "jobId": 0,
  "jobTitle": "Software Engineering Role",
  "project": [
    {
      "technology": [
        "Kotlin",
        "SQL Lite",
        "Gradle"
      ],
      "projectName": "Movie App"
    },
    {
      "technology": [
        "Kotlin2",
        "SQL Lite2",
        "Gradle2"
      ],
      "projectName": "Movie App2"
    }
  ],
  "jobDescription": "To develop andriod application",
  "experience": [
    "Google",
    "Apple",
    "Mobile Iron"
  ]
}

22:44:52.404 [print] [
  [
    {
      "technology": [
        "Kotlin",
        "SQL Lite",
        "Gradle"
      ],
      "projectName": "Movie App"
    },
    {
      "technology": [
        "Kotlin2",
        "SQL Lite2",
        "Gradle2"
      ],
      "projectName": "Movie App2"
    }
  ]
]

22:44:52.421 karate.env system property was:  
22:44:52.440 request:
1 > POST http://localhost:9897/normal/webapi/add
1 > Accept: application/json
1 > Accept-Encoding: gzip,deflate
1 > Connection: Keep-Alive
1 > Content-Length: 225
1 > Content-Type: application/json; charset=UTF-8
1 > Host: localhost:9897
1 > User-Agent: Apache-HttpClient/4.5.12 (Java/11.0.22)
{"jobId":9,"jobTitle":"Software Engineering","jobDescription":"To develop andriod application","experience":["Google","Apple","Mobile Iron"],"project":[{"projectName":"Movie App","technology":["Kotlin","SQL Lite","Gradle"]}]}

22:44:52.445 response time in milliseconds: 4.49
1 < 201
1 < Cache-Control: no-cache, no-store, max-age=0, must-revalidate
1 < Connection: keep-alive
1 < Content-Type: application/json
1 < Date: Tue, 03 Dec 2024 17:14:52 GMT
1 < Expires: 0
1 < Keep-Alive: timeout=60
1 < Pragma: no-cache
1 < Transfer-Encoding: chunked
1 < X-Content-Type-Options: nosniff
1 < X-Frame-Options: DENY
1 < X-XSS-Protection: 1; mode=block
{"jobId":9,"jobTitle":"Software Engineering","jobDescription":"To develop andriod application","experience":["Google","Apple","Mobile Iron"],"project":[{"projectName":"Movie App","technology":["Kotlin","SQL Lite","Gradle"]}]}

22:44:52.446 [print] {
  "jobId": 9,
  "jobTitle": "Software Engineering",
  "project": [
    {
      "technology": [
        "Kotlin",
        "SQL Lite",
        "Gradle"
      ],
      "projectName": "Movie App"
    }
  ],
  "jobDescription": "To develop andriod application",
  "experience": [
    "Google",
    "Apple",
    "Mobile Iron"
  ]
}

22:44:52.457 [print] Calling createJobEntry feature =>  9
22:44:52.460 request:
1 > PUT http://localhost:9897/normal/webapi/update
1 > Accept: application/json
1 > Accept-Encoding: gzip,deflate
1 > Connection: Keep-Alive
1 > Content-Length: 306
1 > Content-Type: application/json; charset=UTF-8
1 > Host: localhost:9897
1 > User-Agent: Apache-HttpClient/4.5.12 (Java/11.0.22)
{"jobId":9,"jobTitle":"Software Engineering Role","jobDescription":"To develop andriod application","experience":["Google","Apple","Mobile Iron"],"project":[{"projectName":"Movie App","technology":["Kotlin","SQL Lite","Gradle"]},{"projectName":"Movie App2","technology":["Kotlin2","SQL Lite2","Gradle2"]}]}

22:44:52.466 response time in milliseconds: 4.97
1 < 200
1 < Cache-Control: no-cache, no-store, max-age=0, must-revalidate
1 < Connection: keep-alive
1 < Content-Type: application/json
1 < Date: Tue, 03 Dec 2024 17:14:52 GMT
1 < Expires: 0
1 < Keep-Alive: timeout=60
1 < Pragma: no-cache
1 < Transfer-Encoding: chunked
1 < X-Content-Type-Options: nosniff
1 < X-Frame-Options: DENY
1 < X-XSS-Protection: 1; mode=block
{"jobId":9,"jobTitle":"Software Engineering Role","jobDescription":"To develop andriod application","experience":["Google","Apple","Mobile Iron"],"project":[{"projectName":"Movie App","technology":["Kotlin","SQL Lite","Gradle"]},{"projectName":"Movie App2","technology":["Kotlin2","SQL Lite2","Gradle2"]}]}

22:44:52.467 [print] {
  "jobId": 9,
  "jobTitle": "Software Engineering Role",
  "project": [
    {
      "technology": [
        "Kotlin",
        "SQL Lite",
        "Gradle"
      ],
      "projectName": "Movie App"
    },
    {
      "technology": [
        "Kotlin2",
        "SQL Lite2",
        "Gradle2"
      ],
      "projectName": "Movie App2"
    }
  ],
  "jobDescription": "To develop andriod application",
  "experience": [
    "Google",
    "Apple",
    "Mobile Iron"
  ]
}

22:44:52.475 [print] [
  [
    {
      "technology": [
        "Kotlin",
        "SQL Lite",
        "Gradle"
      ],
      "projectName": "Movie App"
    },
    {
      "technology": [
        "Kotlin2",
        "SQL Lite2",
        "Gradle2"
      ],
      "projectName": "Movie App2"
    }
  ]
]

22:44:52.483 karate.env system property was:  
22:44:52.503 request:
1 > POST http://localhost:9897/normal/webapi/add
1 > Accept: application/json
1 > Accept-Encoding: gzip,deflate
1 > Connection: Keep-Alive
1 > Content-Length: 226
1 > Content-Type: application/json; charset=UTF-8
1 > Host: localhost:9897
1 > User-Agent: Apache-HttpClient/4.5.12 (Java/11.0.22)
{"jobId":48,"jobTitle":"Software Engineering","jobDescription":"To develop andriod application","experience":["Google","Apple","Mobile Iron"],"project":[{"projectName":"Movie App","technology":["Kotlin","SQL Lite","Gradle"]}]}

22:44:52.509 response time in milliseconds: 4.17
1 < 201
1 < Cache-Control: no-cache, no-store, max-age=0, must-revalidate
1 < Connection: keep-alive
1 < Content-Type: application/json
1 < Date: Tue, 03 Dec 2024 17:14:52 GMT
1 < Expires: 0
1 < Keep-Alive: timeout=60
1 < Pragma: no-cache
1 < Transfer-Encoding: chunked
1 < X-Content-Type-Options: nosniff
1 < X-Frame-Options: DENY
1 < X-XSS-Protection: 1; mode=block
{"jobId":48,"jobTitle":"Software Engineering","jobDescription":"To develop andriod application","experience":["Google","Apple","Mobile Iron"],"project":[{"projectName":"Movie App","technology":["Kotlin","SQL Lite","Gradle"]}]}

22:44:52.509 [print] {
  "jobId": 48,
  "jobTitle": "Software Engineering",
  "project": [
    {
      "technology": [
        "Kotlin",
        "SQL Lite",
        "Gradle"
      ],
      "projectName": "Movie App"
    }
  ],
  "jobDescription": "To develop andriod application",
  "experience": [
    "Google",
    "Apple",
    "Mobile Iron"
  ]
}

22:44:52.530 request:
1 > PUT http://localhost:9897/normal/webapi/update
1 > Accept: application/json
1 > Accept-Encoding: gzip,deflate
1 > Connection: Keep-Alive
1 > Content-Length: 311
1 > Content-Type: application/json; charset=UTF-8
1 > Host: localhost:9897
1 > User-Agent: Apache-HttpClient/4.5.12 (Java/11.0.22)
{"jobId":48,"jobTitle":"Software Engineering Role 2.0","jobDescription":"To develop andriod application","experience":["Google","Apple","Mobile Iron"],"project":[{"projectName":"Movie App","technology":["Kotlin","SQL Lite","Gradle"]},{"projectName":"Movie App2","technology":["Kotlin2","SQL Lite2","Gradle2"]}]}

22:44:52.536 response time in milliseconds: 5.33
1 < 200
1 < Cache-Control: no-cache, no-store, max-age=0, must-revalidate
1 < Connection: keep-alive
1 < Content-Type: application/json
1 < Date: Tue, 03 Dec 2024 17:14:52 GMT
1 < Expires: 0
1 < Keep-Alive: timeout=60
1 < Pragma: no-cache
1 < Transfer-Encoding: chunked
1 < X-Content-Type-Options: nosniff
1 < X-Frame-Options: DENY
1 < X-XSS-Protection: 1; mode=block
{"jobId":48,"jobTitle":"Software Engineering Role 2.0","jobDescription":"To develop andriod application","experience":["Google","Apple","Mobile Iron"],"project":[{"projectName":"Movie App","technology":["Kotlin","SQL Lite","Gradle"]},{"projectName":"Movie App2","technology":["Kotlin2","SQL Lite2","Gradle2"]}]}

22:44:52.537 [print] {
  "jobId": 48,
  "jobTitle": "Software Engineering Role 2.0",
  "project": [
    {
      "technology": [
        "Kotlin",
        "SQL Lite",
        "Gradle"
      ],
      "projectName": "Movie App"
    },
    {
      "technology": [
        "Kotlin2",
        "SQL Lite2",
        "Gradle2"
      ],
      "projectName": "Movie App2"
    }
  ],
  "jobDescription": "To develop andriod application",
  "experience": [
    "Google",
    "Apple",
    "Mobile Iron"
  ]
}

22:44:52.540 [print] [
  [
    {
      "technology": [
        "Kotlin",
        "SQL Lite",
        "Gradle"
      ],
      "projectName": "Movie App"
    },
    {
      "technology": [
        "Kotlin2",
        "SQL Lite2",
        "Gradle2"
      ],
      "projectName": "Movie App2"
    }
  ]
]

